<?xml version="1.0" encoding="UTF-8"?>
<!-- Generated by org.testng.reporters.JUnitReportReporter -->
<testsuite hostname="MGTECHLPT311" failures="0" tests="1" name="MyStore_TestClass.TC_003_AccountRegPage_Test" time="12.416" errors="0" timestamp="2023-06-09T12:15:25 IST" skipped="0">
  <testcase classname="MyStore_TestClass.TC_003_AccountRegPage_Test" name="EnterToLoginTest" time="12.416"/>
  <system-out/>
</testsuite> <!-- MyStore_TestClass.TC_003_AccountRegPage_Test -->
