<?xml version="1.0" encoding="UTF-8"?>
<!-- Generated by org.testng.reporters.JUnitReportReporter -->
<testsuite hostname="MGTECHLPT311" failures="0" tests="1" name="MyStore_TestClass.TC_001_IndexPageTest" time="2.802" errors="0" timestamp="2023-06-07T14:14:14 IST" skipped="0">
  <testcase classname="MyStore_TestClass.TC_001_IndexPageTest" name="Test" time="2.802"/>
  <system-out/>
</testsuite> <!-- MyStore_TestClass.TC_001_IndexPageTest -->
